\BOOKMARK [1][-]{section.1}{机器人软件平台}{}% 1
\BOOKMARK [2][-]{subsection.1.1}{平台的组件}{section.1}% 2
\BOOKMARK [2][-]{subsection.1.2}{机器人软件平台}{section.1}% 3
\BOOKMARK [2][-]{subsection.1.3}{机器人软件平台的必要性}{section.1}% 4
\BOOKMARK [2][-]{subsection.1.4}{机器人软件平台将带来的未来}{section.1}% 5
\BOOKMARK [1][-]{section.2}{机器人操作系统 ROS}{}% 6
\BOOKMARK [2][-]{subsection.2.1}{ROS 简介}{section.2}% 7
\BOOKMARK [2][-]{subsection.2.2}{元操作系统}{section.2}% 8
\BOOKMARK [2][-]{subsection.2.3}{ROS的目的}{section.2}% 9
\BOOKMARK [2][-]{subsection.2.4}{ROS的组件}{section.2}% 10
\BOOKMARK [2][-]{subsection.2.5}{ROS的生态系统}{section.2}% 11
\BOOKMARK [2][-]{subsection.2.6}{ROS的历史}{section.2}% 12
\BOOKMARK [2][-]{subsection.2.7}{ROS的版本}{section.2}% 13
\BOOKMARK [3][-]{subsubsection.2.7.1}{版本规则}{subsection.2.7}% 14
\BOOKMARK [3][-]{subsubsection.2.7.2}{版本周期}{subsection.2.7}% 15
\BOOKMARK [3][-]{subsubsection.2.7.3}{选择版本}{subsection.2.7}% 16
\BOOKMARK [1][-]{section.3}{搭建ROS开发环境}{}% 17
\BOOKMARK [2][-]{subsection.3.1}{安装ROS}{section.3}% 18
\BOOKMARK [3][-]{subsubsection.3.1.1}{常规安装}{subsection.3.1}% 19
\BOOKMARK [3][-]{subsubsection.3.1.2}{简易安装}{subsection.3.1}% 20
\BOOKMARK [2][-]{subsection.3.2}{搭建ROS开发环境}{section.3}% 21
\BOOKMARK [3][-]{subsubsection.3.2.1}{ROS配置}{subsection.3.2}% 22
\BOOKMARK [3][-]{subsubsection.3.2.2}{集成开发环境\(IDE\)}{subsection.3.2}% 23
\BOOKMARK [2][-]{subsection.3.3}{ROS操作测试}{section.3}% 24
\BOOKMARK [1][-]{section.4}{ROS的重要概念}{}% 25
\BOOKMARK [2][-]{subsection.4.1}{ROS术语}{section.4}% 26
\BOOKMARK [3][-]{subsubsection.4.1.1}{ROS}{subsection.4.1}% 27
\BOOKMARK [3][-]{subsubsection.4.1.2}{主节点}{subsection.4.1}% 28
\BOOKMARK [3][-]{subsubsection.4.1.3}{节点}{subsection.4.1}% 29
\BOOKMARK [3][-]{subsubsection.4.1.4}{功能包}{subsection.4.1}% 30
\BOOKMARK [3][-]{subsubsection.4.1.5}{元功能包}{subsection.4.1}% 31
\BOOKMARK [3][-]{subsubsection.4.1.6}{消息}{subsection.4.1}% 32
\BOOKMARK [3][-]{subsubsection.4.1.7}{话题}{subsection.4.1}% 33
\BOOKMARK [3][-]{subsubsection.4.1.8}{发布与发布者}{subsection.4.1}% 34
\BOOKMARK [3][-]{subsubsection.4.1.9}{订阅与订阅者}{subsection.4.1}% 35
\BOOKMARK [3][-]{subsubsection.4.1.10}{服务}{subsection.4.1}% 36
\BOOKMARK [3][-]{subsubsection.4.1.11}{服务服务器}{subsection.4.1}% 37
\BOOKMARK [3][-]{subsubsection.4.1.12}{服务客户端}{subsection.4.1}% 38
\BOOKMARK [3][-]{subsubsection.4.1.13}{动作}{subsection.4.1}% 39
\BOOKMARK [3][-]{subsubsection.4.1.14}{动作服务器}{subsection.4.1}% 40
\BOOKMARK [3][-]{subsubsection.4.1.15}{动作客户端}{subsection.4.1}% 41
\BOOKMARK [3][-]{subsubsection.4.1.16}{参数}{subsection.4.1}% 42
\BOOKMARK [3][-]{subsubsection.4.1.17}{参数服务器}{subsection.4.1}% 43
\BOOKMARK [3][-]{subsubsection.4.1.18}{catkin}{subsection.4.1}% 44
\BOOKMARK [3][-]{subsubsection.4.1.19}{rosbuild}{subsection.4.1}% 45
\BOOKMARK [3][-]{subsubsection.4.1.20}{roscore}{subsection.4.1}% 46
\BOOKMARK [3][-]{subsubsection.4.1.21}{rosrun}{subsection.4.1}% 47
\BOOKMARK [3][-]{subsubsection.4.1.22}{roslaunch}{subsection.4.1}% 48
\BOOKMARK [3][-]{subsubsection.4.1.23}{bag}{subsection.4.1}% 49
\BOOKMARK [3][-]{subsubsection.4.1.24}{ROS\040Wiki}{subsection.4.1}% 50
\BOOKMARK [3][-]{subsubsection.4.1.25}{存储库}{subsection.4.1}% 51
\BOOKMARK [3][-]{subsubsection.4.1.26}{状态图}{subsection.4.1}% 52
\BOOKMARK [3][-]{subsubsection.4.1.27}{名称}{subsection.4.1}% 53
\BOOKMARK [3][-]{subsubsection.4.1.28}{客户端库}{subsection.4.1}% 54
\BOOKMARK [3][-]{subsubsection.4.1.29}{URI}{subsection.4.1}% 55
\BOOKMARK [3][-]{subsubsection.4.1.30}{MD5}{subsection.4.1}% 56
\BOOKMARK [3][-]{subsubsection.4.1.31}{RPC}{subsection.4.1}% 57
\BOOKMARK [3][-]{subsubsection.4.1.32}{XMLRPC}{subsection.4.1}% 58
\BOOKMARK [3][-]{subsubsection.4.1.33}{TCP/IP}{subsection.4.1}% 59
\BOOKMARK [3][-]{subsubsection.4.1.34}{CMakeLists.txt}{subsection.4.1}% 60
\BOOKMARK [2][-]{subsection.4.2}{消息通信}{section.4}% 61
\BOOKMARK [3][-]{subsubsection.4.2.1}{话题\(topic\)}{subsection.4.2}% 62
\BOOKMARK [3][-]{subsubsection.4.2.2}{服务\(service\)}{subsection.4.2}% 63
\BOOKMARK [3][-]{subsubsection.4.2.3}{动作\(action\)}{subsection.4.2}% 64
\BOOKMARK [3][-]{subsubsection.4.2.4}{参数\(parameter\)}{subsection.4.2}% 65
\BOOKMARK [3][-]{subsubsection.4.2.5}{消息通信的过程}{subsection.4.2}% 66
\BOOKMARK [2][-]{subsection.4.3}{消息}{section.4}% 67
\BOOKMARK [3][-]{subsubsection.4.3.1}{Msg文件}{subsection.4.3}% 68
\BOOKMARK [3][-]{subsubsection.4.3.2}{Srv文件}{subsection.4.3}% 69
\BOOKMARK [3][-]{subsubsection.4.3.3}{Action文件}{subsection.4.3}% 70
\BOOKMARK [2][-]{subsection.4.4}{名称\(name\)}{section.4}% 71
\BOOKMARK [2][-]{subsection.4.5}{坐标变换\(TF\)}{section.4}% 72
\BOOKMARK [2][-]{subsection.4.6}{客户端库}{section.4}% 73
\BOOKMARK [2][-]{subsection.4.7}{异构设备间的通信}{section.4}% 74
\BOOKMARK [2][-]{subsection.4.8}{文件系统}{section.4}% 75
\BOOKMARK [3][-]{subsubsection.4.8.1}{文件组织结构}{subsection.4.8}% 76
\BOOKMARK [3][-]{subsubsection.4.8.2}{安装目录}{subsection.4.8}% 77
\BOOKMARK [3][-]{subsubsection.4.8.3}{工作目录}{subsection.4.8}% 78
\BOOKMARK [2][-]{subsection.4.9}{构建系统}{section.4}% 79
\BOOKMARK [3][-]{subsubsection.4.9.1}{创建功能包}{subsection.4.9}% 80
\BOOKMARK [3][-]{subsubsection.4.9.2}{修改功能包配置文件\(package.xml\)}{subsection.4.9}% 81
\BOOKMARK [3][-]{subsubsection.4.9.3}{修改构建配置文件\(CMakelists.txt\)}{subsection.4.9}% 82
\BOOKMARK [3][-]{subsubsection.4.9.4}{编写源代码}{subsection.4.9}% 83
\BOOKMARK [3][-]{subsubsection.4.9.5}{构建功能包}{subsection.4.9}% 84
\BOOKMARK [3][-]{subsubsection.4.9.6}{运行节点}{subsection.4.9}% 85
\BOOKMARK [1][-]{section.5}{ROS命令}{}% 86
\BOOKMARK [2][-]{subsection.5.1}{ROS命含概述}{section.5}% 87
\BOOKMARK [2][-]{subsection.5.2}{ROS shell命令}{section.5}% 88
\BOOKMARK [2][-]{subsection.5.3}{ROS执行命令}{section.5}% 89
\BOOKMARK [2][-]{subsection.5.4}{ROS信息命令}{section.5}% 90
\BOOKMARK [3][-]{subsubsection.5.4.1}{rosnode: ROS节点}{subsection.5.4}% 91
\BOOKMARK [3][-]{subsubsection.5.4.2}{rostoplc: ROS话题}{subsection.5.4}% 92
\BOOKMARK [3][-]{subsubsection.5.4.3}{rosservice: ROS服务}{subsection.5.4}% 93
\BOOKMARK [3][-]{subsubsection.5.4.4}{rosparam: ROS参数}{subsection.5.4}% 94
\BOOKMARK [3][-]{subsubsection.5.4.5}{rosmsg: ROS消息信息}{subsection.5.4}% 95
\BOOKMARK [3][-]{subsubsection.5.4.6}{rossrv: ROS服务信息}{subsection.5.4}% 96
\BOOKMARK [3][-]{subsubsection.5.4.7}{rosbag: ROS日志信息}{subsection.5.4}% 97
\BOOKMARK [2][-]{subsection.5.5}{ROS catkin命令}{section.5}% 98
\BOOKMARK [2][-]{subsection.5.6}{ROS功能包命令}{section.5}% 99
\BOOKMARK [1][-]{section.6}{ROS工具}{}% 100
\BOOKMARK [2][-]{subsection.6.1}{三维可视化工具\(RViz\)}{section.6}% 101
\BOOKMARK [3][-]{subsubsection.6.1.1}{RViz安装与运行}{subsection.6.1}% 102
\BOOKMARK [3][-]{subsubsection.6.1.2}{RViz画面布局}{subsection.6.1}% 103
\BOOKMARK [3][-]{subsubsection.6.1.3}{RViz显示屏}{subsection.6.1}% 104
\BOOKMARK [2][-]{subsection.6.2}{ROSGUI开发工具\(rqt\)}{section.6}% 105
\BOOKMARK [3][-]{subsubsection.6.2.1}{rqt安装与运行}{subsection.6.2}% 106
\BOOKMARK [3][-]{subsubsection.6.2.2}{rqt插件}{subsection.6.2}% 107
\BOOKMARK [3][-]{subsubsection.6.2.3}{Rqt_image_view}{subsection.6.2}% 108
\BOOKMARK [3][-]{subsubsection.6.2.4}{rqt_graph}{subsection.6.2}% 109
\BOOKMARK [3][-]{subsubsection.6.2.5}{rat_plot}{subsection.6.2}% 110
\BOOKMARK [3][-]{subsubsection.6.2.6}{rqt_bag}{subsection.6.2}% 111
\BOOKMARK [1][-]{section.7}{ROS编程基础}{}% 112
\BOOKMARK [2][-]{subsection.7.1}{ROS编程前须知事项}{section.7}% 113
\BOOKMARK [3][-]{subsubsection.7.1.1}{标准单位}{subsection.7.1}% 114
\BOOKMARK [3][-]{subsubsection.7.1.2}{坐标表现方式}{subsection.7.1}% 115
\BOOKMARK [3][-]{subsubsection.7.1.3}{编程规则}{subsection.7.1}% 116
\BOOKMARK [2][-]{subsection.7.2}{发布者节点和订阅者节点的创建和运行}{section.7}% 117
\BOOKMARK [3][-]{subsubsection.7.2.1}{创建功能包}{subsection.7.2}% 118
\BOOKMARK [3][-]{subsubsection.7.2.2}{修改功能包配置文件}{subsection.7.2}% 119
\BOOKMARK [3][-]{subsubsection.7.2.3}{修改构建配置文件\(Cmakelists.txt\)}{subsection.7.2}% 120
\BOOKMARK [3][-]{subsubsection.7.2.4}{创建消息文件}{subsection.7.2}% 121
\BOOKMARK [3][-]{subsubsection.7.2.5}{创建发布者节点}{subsection.7.2}% 122
\BOOKMARK [3][-]{subsubsection.7.2.6}{创建订说者节点}{subsection.7.2}% 123
\BOOKMARK [3][-]{subsubsection.7.2.7}{构建\(build\)节点}{subsection.7.2}% 124
\BOOKMARK [3][-]{subsubsection.7.2.8}{运行发布者}{subsection.7.2}% 125
\BOOKMARK [3][-]{subsubsection.7.2.9}{运行订阅者}{subsection.7.2}% 126
\BOOKMARK [3][-]{subsubsection.7.2.10}{检查运行中的节点的通信状态}{subsection.7.2}% 127
\BOOKMARK [2][-]{subsection.7.3}{创建和运行服务服务器与客户端节点}{section.7}% 128
\BOOKMARK [3][-]{subsubsection.7.3.1}{创建功能包}{subsection.7.3}% 129
\BOOKMARK [3][-]{subsubsection.7.3.2}{修改功能包配置文件\(package.xml\)}{subsection.7.3}% 130
\BOOKMARK [3][-]{subsubsection.7.3.3}{修改构建配置文件\(CMakelists.txt\)}{subsection.7.3}% 131
\BOOKMARK [3][-]{subsubsection.7.3.4}{创建服务文件}{subsection.7.3}% 132
\BOOKMARK [3][-]{subsubsection.7.3.5}{创建服务服务器节点}{subsection.7.3}% 133
\BOOKMARK [3][-]{subsubsection.7.3.6}{创建服务客户端节点}{subsection.7.3}% 134
\BOOKMARK [3][-]{subsubsection.7.3.7}{构建节点}{subsection.7.3}% 135
\BOOKMARK [3][-]{subsubsection.7.3.8}{运行服务服务器}{subsection.7.3}% 136
\BOOKMARK [3][-]{subsubsection.7.3.9}{运行服务客户端}{subsection.7.3}% 137
\BOOKMARK [3][-]{subsubsection.7.3.10}{Rosservice call1命令的用法}{subsection.7.3}% 138
\BOOKMARK [3][-]{subsubsection.7.3.11}{GUI工具ServiceCaller的用法}{subsection.7.3}% 139
\BOOKMARK [2][-]{subsection.7.4}{创建和运行动作服务器和客户端节点}{section.7}% 140
\BOOKMARK [3][-]{subsubsection.7.4.1}{生成功能包}{subsection.7.4}% 141
\BOOKMARK [3][-]{subsubsection.7.4.2}{修改功能包配置文件\(package.xml\)}{subsection.7.4}% 142
\BOOKMARK [3][-]{subsubsection.7.4.3}{修改构建配置文件\(CMakelists.txt\)}{subsection.7.4}% 143
\BOOKMARK [3][-]{subsubsection.7.4.4}{创建动作文件}{subsection.7.4}% 144
\BOOKMARK [3][-]{subsubsection.7.4.5}{创建动作服务节点}{subsection.7.4}% 145
\BOOKMARK [3][-]{subsubsection.7.4.6}{创建客户端节点}{subsection.7.4}% 146
\BOOKMARK [3][-]{subsubsection.7.4.7}{构建节点}{subsection.7.4}% 147
\BOOKMARK [3][-]{subsubsection.7.4.8}{运行动作服务器}{subsection.7.4}% 148
\BOOKMARK [3][-]{subsubsection.7.4.9}{运行动作客户端}{subsection.7.4}% 149
\BOOKMARK [2][-]{subsection.7.5}{参数的用法}{section.7}% 150
\BOOKMARK [3][-]{subsubsection.7.5.1}{利用参数创建节点}{subsection.7.5}% 151
\BOOKMARK [3][-]{subsubsection.7.5.2}{设置参数}{subsection.7.5}% 152
\BOOKMARK [3][-]{subsubsection.7.5.3}{读取参数}{subsection.7.5}% 153
\BOOKMARK [3][-]{subsubsection.7.5.4}{构建节点和运行节点}{subsection.7.5}% 154
\BOOKMARK [3][-]{subsubsection.7.5.5}{查看参数目录}{subsection.7.5}% 155
\BOOKMARK [3][-]{subsubsection.7.5.6}{参数的用例}{subsection.7.5}% 156
\BOOKMARK [2][-]{subsection.7.6}{Roslaunch的用法}{section.7}% 157
\BOOKMARK [3][-]{subsubsection.7.6.1}{Roslaunch的应用}{subsection.7.6}% 158
\BOOKMARK [3][-]{subsubsection.7.6.2}{Launch标签}{subsection.7.6}% 159
\BOOKMARK [1][-]{section.8}{机器人、传感器和电机}{}% 160
\BOOKMARK [2][-]{subsection.8.1}{机器人功能包}{section.8}% 161
\BOOKMARK [2][-]{subsection.8.2}{传感器功能包}{section.8}% 162
\BOOKMARK [3][-]{subsubsection.8.2.1}{传感器的类型}{subsection.8.2}% 163
\BOOKMARK [3][-]{subsubsection.8.2.2}{传感器功能包的分类}{subsection.8.2}% 164
\BOOKMARK [2][-]{subsection.8.3}{相机}{section.8}% 165
\BOOKMARK [3][-]{subsubsection.8.3.1}{USB摄像头相关功能包}{subsection.8.3}% 166
\BOOKMARK [3][-]{subsubsection.8.3.2}{USB摄像头测试}{subsection.8.3}% 167
\BOOKMARK [3][-]{subsubsection.8.3.3}{查看图像信息}{subsection.8.3}% 168
\BOOKMARK [3][-]{subsubsection.8.3.4}{远程传输图像}{subsection.8.3}% 169
\BOOKMARK [3][-]{subsubsection.8.3.5}{相机校准}{subsection.8.3}% 170
\BOOKMARK [2][-]{subsection.8.4}{深度相机\(Depth Camera\)}{section.8}% 171
\BOOKMARK [3][-]{subsubsection.8.4.1}{Depth Camera的类型}{subsection.8.4}% 172
\BOOKMARK [3][-]{subsubsection.8.4.2}{Depth Camera测试}{subsection.8.4}% 173
\BOOKMARK [3][-]{subsubsection.8.4.3}{Point Cloud Data\(点云数据）的可视化}{subsection.8.4}% 174
\BOOKMARK [3][-]{subsubsection.8.4.4}{Point Cloud Data相关库}{subsection.8.4}% 175
\BOOKMARK [2][-]{subsection.8.5}{激光距离传感器}{section.8}% 176
\BOOKMARK [3][-]{subsubsection.8.5.1}{LDS传感器距离测量原理}{subsection.8.5}% 177
\BOOKMARK [3][-]{subsubsection.8.5.2}{LDS测试}{subsection.8.5}% 178
\BOOKMARK [3][-]{subsubsection.8.5.3}{可视化LDS的距离值}{subsection.8.5}% 179
\BOOKMARK [3][-]{subsubsection.8.5.4}{LDS的应用}{subsection.8.5}% 180
\BOOKMARK [2][-]{subsection.8.6}{电机功能包}{section.8}% 181
\BOOKMARK [3][-]{subsubsection.8.6.1}{Dynamixel舵机}{subsection.8.6}% 182
\BOOKMARK [2][-]{subsection.8.7}{已公开的功能包的用法}{section.8}% 183
\BOOKMARK [3][-]{subsubsection.8.7.1}{搜索功能包}{subsection.8.7}% 184
\BOOKMARK [3][-]{subsubsection.8.7.2}{安装依赖包}{subsection.8.7}% 185
\BOOKMARK [3][-]{subsubsection.8.7.3}{安装功能包}{subsection.8.7}% 186
\BOOKMARK [3][-]{subsubsection.8.7.4}{运行功能包}{subsection.8.7}% 187
\BOOKMARK [1][-]{section.9}{嵌入式系统}{}% 188
\BOOKMARK [2][-]{subsection.9.1}{OpenCR}{section.9}% 189
\BOOKMARK [3][-]{subsubsection.9.1.1}{特点}{subsection.9.1}% 190
\BOOKMARK [3][-]{subsubsection.9.1.2}{控制板规格}{subsection.9.1}% 191
\BOOKMARK [3][-]{subsubsection.9.1.3}{搭建开发环境}{subsection.9.1}% 192
\BOOKMARK [3][-]{subsubsection.9.1.4}{OpenCR例程}{subsection.9.1}% 193
\BOOKMARK [2][-]{subsection.9.2}{RosseriaL}{section.9}% 194
\BOOKMARK [3][-]{subsubsection.9.2.1}{Rosserial\040server}{subsection.9.2}% 195
\BOOKMARK [3][-]{subsubsection.9.2.2}{Rosserial\040client}{subsection.9.2}% 196
\BOOKMARK [3][-]{subsubsection.9.2.3}{Rosserial协议}{subsection.9.2}% 197
\BOOKMARK [3][-]{subsubsection.9.2.4}{Rosserial的约束条件}{subsection.9.2}% 198
\BOOKMARK [3][-]{subsubsection.9.2.5}{安装rosserial}{subsection.9.2}% 199
\BOOKMARK [3][-]{subsubsection.9.2.6}{Rosserial例程}{subsection.9.2}% 200
\BOOKMARK [2][-]{subsection.9.3}{TurtleBot3的固件}{section.9}% 201
\BOOKMARK [3][-]{subsubsection.9.3.1}{TurtleBot3 Burgeri固件}{subsection.9.3}% 202
\BOOKMARK [3][-]{subsubsection.9.3.2}{TurtleBot3 Waffle和Waffle Pi固件}{subsection.9.3}% 203
\BOOKMARK [3][-]{subsubsection.9.3.3}{Turtlebot3配置固件}{subsection.9.3}% 204
\BOOKMARK [1][-]{section.10}{移动机器人}{}% 205
\BOOKMARK [2][-]{subsection.10.1}{ROS支持的机器人}{section.10}% 206
\BOOKMARK [2][-]{subsection.10.2}{TurtleBot3系列机器人}{section.10}% 207
\BOOKMARK [2][-]{subsection.10.3}{TurleBot3的硬件}{section.10}% 208
\BOOKMARK [2][-]{subsection.10.4}{Turtlebot3软件}{section.10}% 209
\BOOKMARK [2][-]{subsection.10.5}{Turtlebot3的开发环境}{section.10}% 210
\BOOKMARK [2][-]{subsection.10.6}{Turtlebot3远程控制}{section.10}% 211
\BOOKMARK [3][-]{subsubsection.10.6.1}{遥控TurtleBot3}{subsection.10.6}% 212
\BOOKMARK [3][-]{subsubsection.10.6.2}{可视化TurtleBot3}{subsection.10.6}% 213
\BOOKMARK [2][-]{subsection.10.7}{Turtlebot3话题}{section.10}% 214
\BOOKMARK [3][-]{subsubsection.10.7.1}{订阅话题}{subsection.10.7}% 215
\BOOKMARK [3][-]{subsubsection.10.7.2}{通过订阅话题控制机器人}{subsection.10.7}% 216
\BOOKMARK [3][-]{subsubsection.10.7.3}{发布话题}{subsection.10.7}% 217
\BOOKMARK [3][-]{subsubsection.10.7.4}{通过发布话题识别机器人状态}{subsection.10.7}% 218
\BOOKMARK [2][-]{subsection.10.8}{使用RViz仿真Turtlebot3}{section.10}% 219
\BOOKMARK [3][-]{subsubsection.10.8.1}{仿真}{subsection.10.8}% 220
\BOOKMARK [3][-]{subsubsection.10.8.2}{运行虚拟机器人}{subsection.10.8}% 221
\BOOKMARK [3][-]{subsubsection.10.8.3}{Odometry和TF}{subsection.10.8}% 222
\BOOKMARK [2][-]{subsection.10.9}{利用Gazebo仿真Turtlebot3}{section.10}% 223
\BOOKMARK [3][-]{subsubsection.10.9.1}{Gazebo仿真器}{subsection.10.9}% 224
\BOOKMARK [3][-]{subsubsection.10.9.2}{启动虚拟机器人}{subsection.10.9}% 225
\BOOKMARK [3][-]{subsubsection.10.9.3}{虚拟SLAM和导航}{subsection.10.9}% 226
\BOOKMARK [1][-]{section.11}{SLAM和导航}{}% 227
\BOOKMARK [2][-]{subsection.11.1}{导航及其组成要素}{section.11}% 228
\BOOKMARK [3][-]{subsubsection.11.1.1}{移动机器人的导航}{subsection.11.1}% 229
\BOOKMARK [3][-]{subsubsection.11.1.2}{地图}{subsection.11.1}% 230
\BOOKMARK [3][-]{subsubsection.11.1.3}{测量或估计机器人姿态的功能}{subsection.11.1}% 231
\BOOKMARK [3][-]{subsubsection.11.1.4}{识别障碍物如墙壁和物体}{subsection.11.1}% 232
\BOOKMARK [3][-]{subsubsection.11.1.5}{计算最优路径和行驶功能}{subsection.11.1}% 233
\BOOKMARK [2][-]{subsection.11.2}{SLAM实习篇}{section.11}% 234
\BOOKMARK [3][-]{subsubsection.11.2.1}{对于使用SLAM的机器人的硬件限制}{subsection.11.2}% 235
\BOOKMARK [3][-]{subsubsection.11.2.2}{SLAM的实验环境}{subsection.11.2}% 236
\BOOKMARK [3][-]{subsubsection.11.2.3}{用于SLAM的ROS功能包}{subsection.11.2}% 237
\BOOKMARK [3][-]{subsubsection.11.2.4}{运行SLAM}{subsection.11.2}% 238
\BOOKMARK [2][-]{subsection.11.3}{利用预先准备好的bag文件运行的SLAM}{section.11}% 239
\BOOKMARK [2][-]{subsection.11.4}{SLAM应用篇}{section.11}% 240
\BOOKMARK [3][-]{subsubsection.11.4.1}{地图}{subsection.11.4}% 241
\BOOKMARK [3][-]{subsubsection.11.4.2}{SLAM所需的信息}{subsection.11.4}% 242
\BOOKMARK [3][-]{subsubsection.11.4.3}{SLAM的处理过程}{subsection.11.4}% 243
\BOOKMARK [3][-]{subsubsection.11.4.4}{坐标变换（TF\)}{subsection.11.4}% 244
\BOOKMARK [3][-]{subsubsection.11.4.5}{Turtlebot3_slam功能包}{subsection.11.4}% 245
\BOOKMARK [2][-]{subsection.11.5}{SLAM理论篇}{section.11}% 246
\BOOKMARK [3][-]{subsubsection.11.5.1}{SLAM}{subsection.11.5}% 247
\BOOKMARK [3][-]{subsubsection.11.5.2}{多种位置估计（localization）方法论}{subsection.11.5}% 248
\BOOKMARK [2][-]{subsection.11.6}{导航实战篇}{section.11}% 249
\BOOKMARK [3][-]{subsubsection.11.6.1}{用于导航的ROS功能包}{subsection.11.6}% 250
\BOOKMARK [3][-]{subsubsection.11.6.2}{运行导航}{subsection.11.6}% 251
\BOOKMARK [2][-]{subsection.11.7}{导航应用程序}{section.11}% 252
\BOOKMARK [3][-]{subsubsection.11.7.1}{导航}{subsection.11.7}% 253
\BOOKMARK [3][-]{subsubsection.11.7.2}{导航所需的信息}{subsection.11.7}% 254
\BOOKMARK [3][-]{subsubsection.11.7.3}{Turtlebot3_navigation的各节点和话题状态}{subsection.11.7}% 255
\BOOKMARK [3][-]{subsubsection.11.7.4}{Turtlebot3_navigation设置}{subsection.11.7}% 256
\BOOKMARK [3][-]{subsubsection.11.7.5}{设置turtlebot3_navigation的详细参数}{subsection.11.7}% 257
\BOOKMARK [2][-]{subsection.11.8}{导航理论篇}{section.11}% 258
\BOOKMARK [3][-]{subsubsection.11.8.1}{Costmap}{subsection.11.8}% 259
\BOOKMARK [3][-]{subsubsection.11.8.2}{AMCL}{subsection.11.8}% 260
\BOOKMARK [2][-]{subsection.11.9}{Dynamic\040Window\040Approach\(DWA\)}{section.11}% 261
\BOOKMARK [1][-]{section.12}{服务机器人}{}% 262
\BOOKMARK [2][-]{subsection.12.1}{配关服务机器人}{section.12}% 263
\BOOKMARK [2][-]{subsection.12.2}{关服务机器人的结构}{section.12}% 264
\BOOKMARK [3][-]{subsubsection.12.2.1}{系统结构}{subsection.12.2}% 265
\BOOKMARK [3][-]{subsubsection.12.2.2}{系统设计}{subsection.12.2}% 266
\BOOKMARK [3][-]{subsubsection.12.2.3}{服务核心节点}{subsection.12.2}% 267
\BOOKMARK [3][-]{subsubsection.12.2.4}{服务主节点}{subsection.12.2}% 268
\BOOKMARK [3][-]{subsubsection.12.2.5}{服务从节点}{subsection.12.2}% 269
\BOOKMARK [2][-]{subsection.12.3}{用ROS Java进行Android平板PC编程}{section.12}% 270
\BOOKMARK [1][-]{section.13}{机械手臂}{}% 271
\BOOKMARK [2][-]{subsection.13.1}{机械手臂介绍}{section.13}% 272
\BOOKMARK [3][-]{subsubsection.13.1.1}{机械手臂的结构和控制}{subsection.13.1}% 273
\BOOKMARK [3][-]{subsubsection.13.1.2}{机械手臂和ROS}{subsection.13.1}% 274
\BOOKMARK [2][-]{subsection.13.2}{OpenManipulator。建模和仿真}{section.13}% 275
\BOOKMARK [3][-]{subsubsection.13.2.1}{OpenManipulator}{subsection.13.2}% 276
\BOOKMARK [3][-]{subsubsection.13.2.2}{机械手臂建模}{subsection.13.2}% 277
\BOOKMARK [3][-]{subsubsection.13.2.3}{Gazebo设置}{subsection.13.2}% 278
\BOOKMARK [2][-]{subsection.13.3}{MoveIt!}{section.13}% 279
\BOOKMARK [3][-]{subsubsection.13.3.1}{Move_group}{subsection.13.3}% 280
\BOOKMARK [3][-]{subsubsection.13.3.2}{MoveIt!Setup\040Assistant}{subsection.13.3}% 281
\BOOKMARK [3][-]{subsubsection.13.3.3}{Gazebo仿真}{subsection.13.3}% 282
\BOOKMARK [2][-]{subsection.13.4}{应用于实际平台}{section.13}% 283
\BOOKMARK [3][-]{subsubsection.13.4.1}{准备和控制OpenManipulator}{subsection.13.4}% 284
\BOOKMARK [3][-]{subsubsection.13.4.2}{OpenManipulator与turtleBot3Waffle及Waffle Pi}{subsection.13.4}% 285
